{"level":"info","message":"MongoDB connected successfully","service":"farmflow-backend","timestamp":"2026-01-05T01:08:25.948Z"}
{"level":"info","message":"MongoDB connected successfully","service":"farmflow-backend","timestamp":"2026-01-05T01:08:26.068Z"}
{"level":"info","message":"FarmFlow API server running on port 3000","service":"farmflow-backend","timestamp":"2026-01-05T01:08:25.966Z"}
{"level":"info","message":"Environment: development","service":"farmflow-backend","timestamp":"2026-01-05T01:08:25.977Z"}
{"level":"info","message":"API Documentation available at http://localhost:3000/api-docs","service":"farmflow-backend","timestamp":"2026-01-05T01:08:26.039Z"}
{"level":"info","message":"MongoDB connected successfully","service":"farmflow-backend","timestamp":"2026-01-05T01:08:32.270Z"}
{"level":"info","message":"MongoDB connected successfully","service":"farmflow-backend","timestamp":"2026-01-05T01:09:22.506Z"}
{"level":"info","message":"FarmFlow API server running on port 3000","service":"farmflow-backend","timestamp":"2026-01-05T01:09:22.516Z"}
{"level":"info","message":"Environment: development","service":"farmflow-backend","timestamp":"2026-01-05T01:09:22.518Z"}
{"level":"info","message":"API Documentation available at http://localhost:3000/api-docs","service":"farmflow-backend","timestamp":"2026-01-05T01:09:22.519Z"}
{"level":"info","message":"MongoDB connected successfully","service":"farmflow-backend","timestamp":"2026-01-05T01:09:22.615Z"}
{"level":"info","message":"MongoDB connected successfully","service":"farmflow-backend","timestamp":"2026-01-05T01:09:35.190Z"}
{"level":"info","message":"FarmFlow API server running on port 3000","service":"farmflow-backend","timestamp":"2026-01-05T01:09:35.206Z"}
{"level":"info","message":"Environment: development","service":"farmflow-backend","timestamp":"2026-01-05T01:09:35.207Z"}
{"level":"info","message":"API Documentation available at http://localhost:3000/api-docs","service":"farmflow-backend","timestamp":"2026-01-05T01:09:35.209Z"}
{"level":"info","message":"MongoDB connected successfully","service":"farmflow-backend","timestamp":"2026-01-05T01:09:35.449Z"}
{"level":"info","message":"MongoDB connected successfully","service":"farmflow-backend","timestamp":"2026-01-05T01:11:32.335Z"}
{"level":"info","message":"FarmFlow API server running on port 3000","service":"farmflow-backend","timestamp":"2026-01-05T01:11:32.349Z"}
{"level":"info","message":"Environment: development","service":"farmflow-backend","timestamp":"2026-01-05T01:11:32.350Z"}
{"level":"info","message":"API Documentation available at http://localhost:3000/api-docs","service":"farmflow-backend","timestamp":"2026-01-05T01:11:32.352Z"}
{"level":"info","message":"MongoDB connected successfully","service":"farmflow-backend","timestamp":"2026-01-05T01:14:00.708Z"}
{"level":"info","message":"FarmFlow API server running on port 3000","service":"farmflow-backend","timestamp":"2026-01-05T01:14:00.720Z"}
{"level":"info","message":"Environment: development","service":"farmflow-backend","timestamp":"2026-01-05T01:14:00.723Z"}
{"level":"info","message":"API Documentation available at http://localhost:3000/api-docs","service":"farmflow-backend","timestamp":"2026-01-05T01:14:00.724Z"}
{"level":"info","message":"MongoDB connected successfully","service":"farmflow-backend","timestamp":"2026-01-05T01:14:18.960Z"}
{"level":"info","message":"FarmFlow API server running on port 3000","service":"farmflow-backend","timestamp":"2026-01-05T01:14:18.969Z"}
{"level":"info","message":"Environment: development","service":"farmflow-backend","timestamp":"2026-01-05T01:14:18.971Z"}
{"level":"info","message":"API Documentation available at http://localhost:3000/api-docs","service":"farmflow-backend","timestamp":"2026-01-05T01:14:18.974Z"}
{"level":"info","message":"MongoDB connected successfully","service":"farmflow-backend","timestamp":"2026-01-05T01:14:38.975Z"}
{"level":"info","message":"FarmFlow API server running on port 3000","service":"farmflow-backend","timestamp":"2026-01-05T01:14:38.988Z"}
{"level":"info","message":"Environment: development","service":"farmflow-backend","timestamp":"2026-01-05T01:14:38.989Z"}
{"level":"info","message":"API Documentation available at http://localhost:3000/api-docs","service":"farmflow-backend","timestamp":"2026-01-05T01:14:38.990Z"}
{"level":"info","message":"MongoDB connected successfully","service":"farmflow-backend","timestamp":"2026-01-05T01:15:03.811Z"}
{"level":"info","message":"FarmFlow API server running on port 3000","service":"farmflow-backend","timestamp":"2026-01-05T01:15:03.822Z"}
{"level":"info","message":"Environment: development","service":"farmflow-backend","timestamp":"2026-01-05T01:15:03.824Z"}
{"level":"info","message":"API Documentation available at http://localhost:3000/api-docs","service":"farmflow-backend","timestamp":"2026-01-05T01:15:03.825Z"}
{"level":"info","message":"MongoDB connected successfully","service":"farmflow-backend","timestamp":"2026-01-05T01:15:21.768Z"}
{"level":"info","message":"FarmFlow API server running on port 3000","service":"farmflow-backend","timestamp":"2026-01-05T01:15:21.779Z"}
{"level":"info","message":"Environment: development","service":"farmflow-backend","timestamp":"2026-01-05T01:15:21.780Z"}
{"level":"info","message":"API Documentation available at http://localhost:3000/api-docs","service":"farmflow-backend","timestamp":"2026-01-05T01:15:21.781Z"}
{"level":"info","message":"MongoDB connected successfully","service":"farmflow-backend","timestamp":"2026-01-05T01:16:30.620Z"}
{"level":"info","message":"FarmFlow API server running on port 3000","service":"farmflow-backend","timestamp":"2026-01-05T01:16:30.649Z"}
{"level":"info","message":"Environment: development","service":"farmflow-backend","timestamp":"2026-01-05T01:16:30.656Z"}
{"level":"info","message":"API Documentation available at http://localhost:3000/api-docs","service":"farmflow-backend","timestamp":"2026-01-05T01:16:30.664Z"}
{"level":"info","message":"MongoDB connected successfully","service":"farmflow-backend","timestamp":"2026-01-05T01:16:40.908Z"}
{"level":"info","message":"FarmFlow API server running on port 3000","service":"farmflow-backend","timestamp":"2026-01-05T01:16:40.924Z"}
{"level":"info","message":"Environment: development","service":"farmflow-backend","timestamp":"2026-01-05T01:16:40.925Z"}
{"level":"info","message":"API Documentation available at http://localhost:3000/api-docs","service":"farmflow-backend","timestamp":"2026-01-05T01:16:40.927Z"}
{"level":"info","message":"MongoDB connected successfully","service":"farmflow-backend","timestamp":"2026-01-05T01:17:35.062Z"}
{"level":"info","message":"FarmFlow API server running on port 3000","service":"farmflow-backend","timestamp":"2026-01-05T01:17:35.071Z"}
{"level":"info","message":"Environment: development","service":"farmflow-backend","timestamp":"2026-01-05T01:17:35.072Z"}
{"level":"info","message":"API Documentation available at http://localhost:3000/api-docs","service":"farmflow-backend","timestamp":"2026-01-05T01:17:35.072Z"}
{"level":"info","message":"MongoDB connected successfully","service":"farmflow-backend","timestamp":"2026-01-05T01:18:09.394Z"}
{"level":"info","message":"FarmFlow API server running on port 3000","service":"farmflow-backend","timestamp":"2026-01-05T01:18:09.419Z"}
{"level":"info","message":"Environment: development","service":"farmflow-backend","timestamp":"2026-01-05T01:18:09.421Z"}
{"level":"info","message":"API Documentation available at http://localhost:3000/api-docs","service":"farmflow-backend","timestamp":"2026-01-05T01:18:09.422Z"}
{"level":"info","message":"MongoDB connected successfully","service":"farmflow-backend","timestamp":"2026-01-05T01:18:35.565Z"}
{"level":"info","message":"FarmFlow API server running on port 3000","service":"farmflow-backend","timestamp":"2026-01-05T01:18:35.577Z"}
{"level":"info","message":"Environment: development","service":"farmflow-backend","timestamp":"2026-01-05T01:18:35.579Z"}
{"level":"info","message":"API Documentation available at http://localhost:3000/api-docs","service":"farmflow-backend","timestamp":"2026-01-05T01:18:35.580Z"}
{"level":"info","message":"MongoDB connected successfully","service":"farmflow-backend","timestamp":"2026-01-05T01:19:03.187Z"}
{"level":"info","message":"FarmFlow API server running on port 3000","service":"farmflow-backend","timestamp":"2026-01-05T01:19:03.197Z"}
{"level":"info","message":"Environment: development","service":"farmflow-backend","timestamp":"2026-01-05T01:19:03.198Z"}
{"level":"info","message":"API Documentation available at http://localhost:3000/api-docs","service":"farmflow-backend","timestamp":"2026-01-05T01:19:03.199Z"}
{"level":"info","message":"MongoDB connected successfully","service":"farmflow-backend","timestamp":"2026-01-05T01:42:05.686Z"}
{"level":"info","message":"FarmFlow API server running on port 3000","service":"farmflow-backend","timestamp":"2026-01-05T01:42:05.694Z"}
{"level":"info","message":"Environment: development","service":"farmflow-backend","timestamp":"2026-01-05T01:42:05.695Z"}
{"level":"info","message":"API Documentation available at http://localhost:3000/api-docs","service":"farmflow-backend","timestamp":"2026-01-05T01:42:05.696Z"}
{"level":"info","message":"MongoDB connected successfully","service":"farmflow-backend","timestamp":"2026-01-05T01:44:15.295Z"}
{"level":"info","message":"FarmFlow API server running on port 3000","service":"farmflow-backend","timestamp":"2026-01-05T01:44:15.309Z"}
{"level":"info","message":"Environment: development","service":"farmflow-backend","timestamp":"2026-01-05T01:44:15.310Z"}
{"level":"info","message":"API Documentation available at http://localhost:3000/api-docs","service":"farmflow-backend","timestamp":"2026-01-05T01:44:15.311Z"}
{"level":"info","message":"MongoDB connected successfully","service":"farmflow-backend","timestamp":"2026-01-05T01:48:21.023Z"}
{"level":"info","message":"FarmFlow API server running on port 3000","service":"farmflow-backend","timestamp":"2026-01-05T01:48:21.033Z"}
{"level":"info","message":"Environment: development","service":"farmflow-backend","timestamp":"2026-01-05T01:48:21.034Z"}
{"level":"info","message":"API Documentation available at http://localhost:3000/api-docs","service":"farmflow-backend","timestamp":"2026-01-05T01:48:21.037Z"}
{"level":"info","message":"MongoDB connected successfully","service":"farmflow-backend","timestamp":"2026-01-05T01:56:47.583Z"}
{"level":"info","message":"FarmFlow API server running on port 3000","service":"farmflow-backend","timestamp":"2026-01-05T01:56:47.594Z"}
{"level":"info","message":"Environment: development","service":"farmflow-backend","timestamp":"2026-01-05T01:56:47.595Z"}
{"level":"info","message":"API Documentation available at http://localhost:3000/api-docs","service":"farmflow-backend","timestamp":"2026-01-05T01:56:47.597Z"}
{"level":"info","message":"MongoDB connected successfully","service":"farmflow-backend","timestamp":"2026-01-05T02:47:09.414Z"}
{"level":"info","message":"FarmFlow API server running on port 3000","service":"farmflow-backend","timestamp":"2026-01-05T02:47:09.425Z"}
{"level":"info","message":"Environment: development","service":"farmflow-backend","timestamp":"2026-01-05T02:47:09.427Z"}
{"level":"info","message":"API Documentation available at http://localhost:3000/api-docs","service":"farmflow-backend","timestamp":"2026-01-05T02:47:09.428Z"}
{"level":"info","message":"MongoDB connected successfully","service":"farmflow-backend","timestamp":"2026-01-05T02:49:03.544Z"}
{"level":"info","message":"FarmFlow API server running on port 3000","service":"farmflow-backend","timestamp":"2026-01-05T02:49:03.556Z"}
{"level":"info","message":"Environment: development","service":"farmflow-backend","timestamp":"2026-01-05T02:49:03.558Z"}
{"level":"info","message":"API Documentation available at http://localhost:3000/api-docs","service":"farmflow-backend","timestamp":"2026-01-05T02:49:03.558Z"}
{"level":"info","message":"MongoDB connected successfully","service":"farmflow-backend","timestamp":"2026-01-05T02:50:49.909Z"}
{"cause":{"commonWireVersion":0,"compatible":true,"heartbeatFrequencyMS":10000,"localThresholdMS":15,"logicalSessionTimeoutMinutes":null,"maxElectionId":null,"maxSetVersion":null,"servers":{"cluster0-shard-00-00.vb0ui.mongodb.net:27017":{"$clusterTime":null,"address":"cluster0-shard-00-00.vb0ui.mongodb.net:27017","arbiters":[],"electionId":null,"error":{"beforeHandshake":false,"errorLabelSet":{}},"hosts":[],"iscryptd":false,"lastUpdateTime":134907274,"lastWriteDate":0,"logicalSessionTimeoutMinutes":null,"maxBsonObjectSize":null,"maxMessageSizeBytes":null,"maxWireVersion":0,"maxWriteBatchSize":null,"me":null,"minRoundTripTime":0,"minWireVersion":0,"passives":[],"primary":null,"roundTripTime":-1,"setName":null,"setVersion":null,"tags":{},"topologyVersion":null,"type":"Unknown"},"cluster0-shard-00-01.vb0ui.mongodb.net:27017":{"$clusterTime":null,"address":"cluster0-shard-00-01.vb0ui.mongodb.net:27017","arbiters":[],"electionId":null,"error":{"beforeHandshake":false,"errorLabelSet":{}},"hosts":[],"iscryptd":false,"lastUpdateTime":134907811,"lastWriteDate":0,"logicalSessionTimeoutMinutes":null,"maxBsonObjectSize":null,"maxMessageSizeBytes":null,"maxWireVersion":0,"maxWriteBatchSize":null,"me":null,"minRoundTripTime":0,"minWireVersion":0,"passives":[],"primary":null,"roundTripTime":-1,"setName":null,"setVersion":null,"tags":{},"topologyVersion":null,"type":"Unknown"},"cluster0-shard-00-02.vb0ui.mongodb.net:27017":{"$clusterTime":null,"address":"cluster0-shard-00-02.vb0ui.mongodb.net:27017","arbiters":[],"electionId":null,"error":{"beforeHandshake":false,"errorLabelSet":{}},"hosts":[],"iscryptd":false,"lastUpdateTime":134907292,"lastWriteDate":0,"logicalSessionTimeoutMinutes":null,"maxBsonObjectSize":null,"maxMessageSizeBytes":null,"maxWireVersion":0,"maxWriteBatchSize":null,"me":null,"minRoundTripTime":0,"minWireVersion":0,"passives":[],"primary":null,"roundTripTime":-1,"setName":null,"setVersion":null,"tags":{},"topologyVersion":null,"type":"Unknown"}},"setName":"atlas-mmejui-shard-0","stale":false,"type":"ReplicaSetNoPrimary"},"errorLabelSet":{},"level":"error","message":"MongoDB connection failed: Could not connect to any servers in your MongoDB Atlas cluster. One common reason is that you're trying to access the database from an IP that isn't whitelisted. Make sure your current IP address is on your Atlas cluster's IP whitelist: https://www.mongodb.com/docs/atlas/security-whitelist/","reason":{"commonWireVersion":0,"compatible":true,"heartbeatFrequencyMS":10000,"localThresholdMS":15,"logicalSessionTimeoutMinutes":null,"maxElectionId":null,"maxSetVersion":null,"servers":{"cluster0-shard-00-00.vb0ui.mongodb.net:27017":{"$clusterTime":null,"address":"cluster0-shard-00-00.vb0ui.mongodb.net:27017","arbiters":[],"electionId":null,"error":{"beforeHandshake":false,"errorLabelSet":{}},"hosts":[],"iscryptd":false,"lastUpdateTime":134907274,"lastWriteDate":0,"logicalSessionTimeoutMinutes":null,"maxBsonObjectSize":null,"maxMessageSizeBytes":null,"maxWireVersion":0,"maxWriteBatchSize":null,"me":null,"minRoundTripTime":0,"minWireVersion":0,"passives":[],"primary":null,"roundTripTime":-1,"setName":null,"setVersion":null,"tags":{},"topologyVersion":null,"type":"Unknown"},"cluster0-shard-00-01.vb0ui.mongodb.net:27017":{"$clusterTime":null,"address":"cluster0-shard-00-01.vb0ui.mongodb.net:27017","arbiters":[],"electionId":null,"error":{"beforeHandshake":false,"errorLabelSet":{}},"hosts":[],"iscryptd":false,"lastUpdateTime":134907811,"lastWriteDate":0,"logicalSessionTimeoutMinutes":null,"maxBsonObjectSize":null,"maxMessageSizeBytes":null,"maxWireVersion":0,"maxWriteBatchSize":null,"me":null,"minRoundTripTime":0,"minWireVersion":0,"passives":[],"primary":null,"roundTripTime":-1,"setName":null,"setVersion":null,"tags":{},"topologyVersion":null,"type":"Unknown"},"cluster0-shard-00-02.vb0ui.mongodb.net:27017":{"$clusterTime":null,"address":"cluster0-shard-00-02.vb0ui.mongodb.net:27017","arbiters":[],"electionId":null,"error":{"beforeHandshake":false,"errorLabelSet":{}},"hosts":[],"iscryptd":false,"lastUpdateTime":134907292,"lastWriteDate":0,"logicalSessionTimeoutMinutes":null,"maxBsonObjectSize":null,"maxMessageSizeBytes":null,"maxWireVersion":0,"maxWriteBatchSize":null,"me":null,"minRoundTripTime":0,"minWireVersion":0,"passives":[],"primary":null,"roundTripTime":-1,"setName":null,"setVersion":null,"tags":{},"topologyVersion":null,"type":"Unknown"}},"setName":"atlas-mmejui-shard-0","stale":false,"type":"ReplicaSetNoPrimary"},"service":"farmflow-backend","stack":"MongooseServerSelectionError: Could not connect to any servers in your MongoDB Atlas cluster. One common reason is that you're trying to access the database from an IP that isn't whitelisted. Make sure your current IP address is on your Atlas cluster's IP whitelist: https://www.mongodb.com/docs/atlas/security-whitelist/\n    at _handleConnectionErrors (C:\\Users\\cov_d\\OneDrive\\Documentos\\development\\AUTO\\animal_inventory\\backend\\node_modules\\mongoose\\lib\\connection.js:1169:11)\n    at NativeConnection.openUri (C:\\Users\\cov_d\\OneDrive\\Documentos\\development\\AUTO\\animal_inventory\\backend\\node_modules\\mongoose\\lib\\connection.js:1100:11)\n    at connectDB (C:\\Users\\cov_d\\OneDrive\\Documentos\\development\\AUTO\\animal_inventory\\backend\\src\\config\\database.ts:9:5)\n    at startServer (C:\\Users\\cov_d\\OneDrive\\Documentos\\development\\AUTO\\animal_inventory\\backend\\src\\server.ts:13:5)","timestamp":"2026-01-05T07:12:00.885Z"}
{"level":"info","message":"MongoDB connected successfully","service":"farmflow-backend","timestamp":"2026-01-05T07:48:11.946Z"}
{"level":"info","message":"FarmFlow API server running on port 3000","service":"farmflow-backend","timestamp":"2026-01-05T07:48:11.976Z"}
{"level":"info","message":"Environment: development","service":"farmflow-backend","timestamp":"2026-01-05T07:48:11.979Z"}
{"level":"info","message":"API Documentation available at http://localhost:3000/api-docs","service":"farmflow-backend","timestamp":"2026-01-05T07:48:11.982Z"}
{"level":"info","message":"MongoDB connected successfully","service":"farmflow-backend","timestamp":"2026-01-05T08:14:00.175Z"}
{"level":"info","message":"FarmFlow API server running on port 3000","service":"farmflow-backend","timestamp":"2026-01-05T08:14:00.188Z"}
{"level":"info","message":"Environment: development","service":"farmflow-backend","timestamp":"2026-01-05T08:14:00.192Z"}
{"level":"info","message":"API Documentation available at http://localhost:3000/api-docs","service":"farmflow-backend","timestamp":"2026-01-05T08:14:00.195Z"}
{"level":"info","message":"MongoDB connected successfully","service":"farmflow-backend","timestamp":"2026-01-05T08:16:16.060Z"}
{"level":"info","message":"FarmFlow API server running on port 3000","service":"farmflow-backend","timestamp":"2026-01-05T08:16:16.072Z"}
{"level":"info","message":"Environment: development","service":"farmflow-backend","timestamp":"2026-01-05T08:16:16.073Z"}
{"level":"info","message":"API Documentation available at http://localhost:3000/api-docs","service":"farmflow-backend","timestamp":"2026-01-05T08:16:16.074Z"}
{"level":"info","message":"MongoDB connected successfully","service":"farmflow-backend","timestamp":"2026-01-05T08:19:30.839Z"}
{"level":"info","message":"Scheduler service started","service":"farmflow-backend","timestamp":"2026-01-05T08:19:30.862Z"}
{"level":"info","message":"FarmFlow API server running on port 3000","service":"farmflow-backend","timestamp":"2026-01-05T08:19:30.866Z"}
{"level":"info","message":"Environment: development","service":"farmflow-backend","timestamp":"2026-01-05T08:19:30.868Z"}
{"level":"info","message":"API Documentation available at http://localhost:3000/api-docs","service":"farmflow-backend","timestamp":"2026-01-05T08:19:30.868Z"}
{"level":"info","message":"MongoDB connected successfully","service":"farmflow-backend","timestamp":"2026-01-05T08:21:03.237Z"}
{"level":"info","message":"Scheduler service started","service":"farmflow-backend","timestamp":"2026-01-05T08:21:03.266Z"}
{"level":"info","message":"FarmFlow API server running on port 3000","service":"farmflow-backend","timestamp":"2026-01-05T08:21:03.271Z"}
{"level":"info","message":"Environment: development","service":"farmflow-backend","timestamp":"2026-01-05T08:21:03.272Z"}
{"level":"info","message":"API Documentation available at http://localhost:3000/api-docs","service":"farmflow-backend","timestamp":"2026-01-05T08:21:03.273Z"}
{"level":"info","message":"MongoDB connected successfully","service":"farmflow-backend","timestamp":"2026-01-05T08:28:52.997Z"}
{"level":"info","message":"Scheduler service started","service":"farmflow-backend","timestamp":"2026-01-05T08:28:53.032Z"}
{"level":"info","message":"FarmFlow API server running on port 3000","service":"farmflow-backend","timestamp":"2026-01-05T08:28:53.036Z"}
{"level":"info","message":"Environment: development","service":"farmflow-backend","timestamp":"2026-01-05T08:28:53.038Z"}
{"level":"info","message":"API Documentation available at http://localhost:3000/api-docs","service":"farmflow-backend","timestamp":"2026-01-05T08:28:53.038Z"}
{"level":"warn","message":"MongoDB disconnected","service":"farmflow-backend","timestamp":"2026-01-05T08:51:50.759Z"}
{"level":"info","message":"MongoDB connected successfully","service":"farmflow-backend","timestamp":"2026-01-05T10:44:28.941Z"}
{"level":"info","message":"Scheduler service started","service":"farmflow-backend","timestamp":"2026-01-05T10:44:28.955Z"}
{"level":"info","message":"FarmFlow API server running on port 3000","service":"farmflow-backend","timestamp":"2026-01-05T10:44:28.959Z"}
{"level":"info","message":"Environment: development","service":"farmflow-backend","timestamp":"2026-01-05T10:44:28.960Z"}
{"level":"info","message":"API Documentation available at http://localhost:3000/api-docs","service":"farmflow-backend","timestamp":"2026-01-05T10:44:28.960Z"}
{"level":"info","message":"MongoDB connected successfully","service":"farmflow-backend","timestamp":"2026-01-05T10:47:15.420Z"}
{"level":"info","message":"MongoDB connected successfully","service":"farmflow-backend","timestamp":"2026-01-05T10:47:31.066Z"}
{"level":"info","message":"Scheduler service started","service":"farmflow-backend","timestamp":"2026-01-05T10:47:31.087Z"}
{"level":"info","message":"FarmFlow API server running on port 3000","service":"farmflow-backend","timestamp":"2026-01-05T10:47:31.090Z"}
{"level":"info","message":"Environment: development","service":"farmflow-backend","timestamp":"2026-01-05T10:47:31.092Z"}
{"level":"info","message":"API Documentation available at http://localhost:3000/api-docs","service":"farmflow-backend","timestamp":"2026-01-05T10:47:31.093Z"}
{"level":"info","message":"MongoDB connected successfully","service":"farmflow-backend","timestamp":"2026-01-05T10:54:01.056Z"}
{"level":"info","message":"Scheduler service started","service":"farmflow-backend","timestamp":"2026-01-05T10:54:01.067Z"}
{"level":"info","message":"FarmFlow API server running on port 5000","service":"farmflow-backend","timestamp":"2026-01-05T10:54:01.069Z"}
{"level":"info","message":"Environment: development","service":"farmflow-backend","timestamp":"2026-01-05T10:54:01.070Z"}
{"level":"info","message":"API Documentation available at http://localhost:5000/api-docs","service":"farmflow-backend","timestamp":"2026-01-05T10:54:01.071Z"}
{"level":"info","message":"MongoDB connected successfully","service":"farmflow-backend","timestamp":"2026-01-05T10:55:17.654Z"}
{"level":"info","message":"Scheduler service started","service":"farmflow-backend","timestamp":"2026-01-05T10:55:17.665Z"}
{"level":"info","message":"FarmFlow API server running on port 5000","service":"farmflow-backend","timestamp":"2026-01-05T10:55:17.668Z"}
{"level":"info","message":"Environment: development","service":"farmflow-backend","timestamp":"2026-01-05T10:55:17.669Z"}
{"level":"info","message":"API Documentation available at http://localhost:5000/api-docs","service":"farmflow-backend","timestamp":"2026-01-05T10:55:17.670Z"}
{"level":"info","message":"MongoDB connected successfully","service":"farmflow-backend","timestamp":"2026-01-05T12:05:30.669Z"}
{"ip":"::1","level":"info","message":"GET /api/animals","service":"farmflow-backend","timestamp":"2026-01-05T12:10:48.132Z","userAgent":"Mozilla/5.0 (Windows NT 10.0; Win64; x64) AppleWebKit/537.36 (KHTML, like Gecko) Chrome/143.0.0.0 Safari/537.36"}
{"ip":"::1","level":"error","message":"No token provided","method":"GET","service":"farmflow-backend","stack":"Error: No token provided\n    at authenticate (C:\\Users\\cov_d\\OneDrive\\Documentos\\development\\AUTO\\animal_inventory\\backend\\src\\middlewares\\auth.middleware.ts:11:13)\n    at Layer.handle [as handle_request] (C:\\Users\\cov_d\\OneDrive\\Documentos\\development\\AUTO\\animal_inventory\\backend\\node_modules\\express\\lib\\router\\layer.js:95:5)\n    at trim_prefix (C:\\Users\\cov_d\\OneDrive\\Documentos\\development\\AUTO\\animal_inventory\\backend\\node_modules\\express\\lib\\router\\index.js:328:13)\n    at C:\\Users\\cov_d\\OneDrive\\Documentos\\development\\AUTO\\animal_inventory\\backend\\node_modules\\express\\lib\\router\\index.js:286:9\n    at Function.process_params (C:\\Users\\cov_d\\OneDrive\\Documentos\\development\\AUTO\\animal_inventory\\backend\\node_modules\\express\\lib\\router\\index.js:346:12)\n    at next (C:\\Users\\cov_d\\OneDrive\\Documentos\\development\\AUTO\\animal_inventory\\backend\\node_modules\\express\\lib\\router\\index.js:280:10)\n    at Function.handle (C:\\Users\\cov_d\\OneDrive\\Documentos\\development\\AUTO\\animal_inventory\\backend\\node_modules\\express\\lib\\router\\index.js:175:3)\n    at router (C:\\Users\\cov_d\\OneDrive\\Documentos\\development\\AUTO\\animal_inventory\\backend\\node_modules\\express\\lib\\router\\index.js:47:12)\n    at Layer.handle [as handle_request] (C:\\Users\\cov_d\\OneDrive\\Documentos\\development\\AUTO\\animal_inventory\\backend\\node_modules\\express\\lib\\router\\layer.js:95:5)\n    at trim_prefix (C:\\Users\\cov_d\\OneDrive\\Documentos\\development\\AUTO\\animal_inventory\\backend\\node_modules\\express\\lib\\router\\index.js:328:13)","timestamp":"2026-01-05T12:10:48.152Z","url":"/api/animals"}
{"ip":"::1","level":"info","message":"GET /api/animals","service":"farmflow-backend","timestamp":"2026-01-05T12:10:49.221Z","userAgent":"Mozilla/5.0 (Windows NT 10.0; Win64; x64) AppleWebKit/537.36 (KHTML, like Gecko) Chrome/143.0.0.0 Safari/537.36"}
{"ip":"::1","level":"error","message":"No token provided","method":"GET","service":"farmflow-backend","stack":"Error: No token provided\n    at authenticate (C:\\Users\\cov_d\\OneDrive\\Documentos\\development\\AUTO\\animal_inventory\\backend\\src\\middlewares\\auth.middleware.ts:11:13)\n    at Layer.handle [as handle_request] (C:\\Users\\cov_d\\OneDrive\\Documentos\\development\\AUTO\\animal_inventory\\backend\\node_modules\\express\\lib\\router\\layer.js:95:5)\n    at trim_prefix (C:\\Users\\cov_d\\OneDrive\\Documentos\\development\\AUTO\\animal_inventory\\backend\\node_modules\\express\\lib\\router\\index.js:328:13)\n    at C:\\Users\\cov_d\\OneDrive\\Documentos\\development\\AUTO\\animal_inventory\\backend\\node_modules\\express\\lib\\router\\index.js:286:9\n    at Function.process_params (C:\\Users\\cov_d\\OneDrive\\Documentos\\development\\AUTO\\animal_inventory\\backend\\node_modules\\express\\lib\\router\\index.js:346:12)\n    at next (C:\\Users\\cov_d\\OneDrive\\Documentos\\development\\AUTO\\animal_inventory\\backend\\node_modules\\express\\lib\\router\\index.js:280:10)\n    at Function.handle (C:\\Users\\cov_d\\OneDrive\\Documentos\\development\\AUTO\\animal_inventory\\backend\\node_modules\\express\\lib\\router\\index.js:175:3)\n    at router (C:\\Users\\cov_d\\OneDrive\\Documentos\\development\\AUTO\\animal_inventory\\backend\\node_modules\\express\\lib\\router\\index.js:47:12)\n    at Layer.handle [as handle_request] (C:\\Users\\cov_d\\OneDrive\\Documentos\\development\\AUTO\\animal_inventory\\backend\\node_modules\\express\\lib\\router\\layer.js:95:5)\n    at trim_prefix (C:\\Users\\cov_d\\OneDrive\\Documentos\\development\\AUTO\\animal_inventory\\backend\\node_modules\\express\\lib\\router\\index.js:328:13)","timestamp":"2026-01-05T12:10:49.225Z","url":"/api/animals"}
{"ip":"::1","level":"info","message":"GET /api/animals","service":"farmflow-backend","timestamp":"2026-01-05T12:11:02.119Z","userAgent":"Mozilla/5.0 (Windows NT 10.0; Win64; x64) AppleWebKit/537.36 (KHTML, like Gecko) Chrome/143.0.0.0 Safari/537.36"}
{"ip":"::1","level":"error","message":"No token provided","method":"GET","service":"farmflow-backend","stack":"Error: No token provided\n    at authenticate (C:\\Users\\cov_d\\OneDrive\\Documentos\\development\\AUTO\\animal_inventory\\backend\\src\\middlewares\\auth.middleware.ts:11:13)\n    at Layer.handle [as handle_request] (C:\\Users\\cov_d\\OneDrive\\Documentos\\development\\AUTO\\animal_inventory\\backend\\node_modules\\express\\lib\\router\\layer.js:95:5)\n    at trim_prefix (C:\\Users\\cov_d\\OneDrive\\Documentos\\development\\AUTO\\animal_inventory\\backend\\node_modules\\express\\lib\\router\\index.js:328:13)\n    at C:\\Users\\cov_d\\OneDrive\\Documentos\\development\\AUTO\\animal_inventory\\backend\\node_modules\\express\\lib\\router\\index.js:286:9\n    at Function.process_params (C:\\Users\\cov_d\\OneDrive\\Documentos\\development\\AUTO\\animal_inventory\\backend\\node_modules\\express\\lib\\router\\index.js:346:12)\n    at next (C:\\Users\\cov_d\\OneDrive\\Documentos\\development\\AUTO\\animal_inventory\\backend\\node_modules\\express\\lib\\router\\index.js:280:10)\n    at Function.handle (C:\\Users\\cov_d\\OneDrive\\Documentos\\development\\AUTO\\animal_inventory\\backend\\node_modules\\express\\lib\\router\\index.js:175:3)\n    at router (C:\\Users\\cov_d\\OneDrive\\Documentos\\development\\AUTO\\animal_inventory\\backend\\node_modules\\express\\lib\\router\\index.js:47:12)\n    at Layer.handle [as handle_request] (C:\\Users\\cov_d\\OneDrive\\Documentos\\development\\AUTO\\animal_inventory\\backend\\node_modules\\express\\lib\\router\\layer.js:95:5)\n    at trim_prefix (C:\\Users\\cov_d\\OneDrive\\Documentos\\development\\AUTO\\animal_inventory\\backend\\node_modules\\express\\lib\\router\\index.js:328:13)","timestamp":"2026-01-05T12:11:02.120Z","url":"/api/animals"}
{"ip":"::1","level":"info","message":"GET /api/animals","service":"farmflow-backend","timestamp":"2026-01-05T12:11:03.164Z","userAgent":"Mozilla/5.0 (Windows NT 10.0; Win64; x64) AppleWebKit/537.36 (KHTML, like Gecko) Chrome/143.0.0.0 Safari/537.36"}
{"ip":"::1","level":"error","message":"No token provided","method":"GET","service":"farmflow-backend","stack":"Error: No token provided\n    at authenticate (C:\\Users\\cov_d\\OneDrive\\Documentos\\development\\AUTO\\animal_inventory\\backend\\src\\middlewares\\auth.middleware.ts:11:13)\n    at Layer.handle [as handle_request] (C:\\Users\\cov_d\\OneDrive\\Documentos\\development\\AUTO\\animal_inventory\\backend\\node_modules\\express\\lib\\router\\layer.js:95:5)\n    at trim_prefix (C:\\Users\\cov_d\\OneDrive\\Documentos\\development\\AUTO\\animal_inventory\\backend\\node_modules\\express\\lib\\router\\index.js:328:13)\n    at C:\\Users\\cov_d\\OneDrive\\Documentos\\development\\AUTO\\animal_inventory\\backend\\node_modules\\express\\lib\\router\\index.js:286:9\n    at Function.process_params (C:\\Users\\cov_d\\OneDrive\\Documentos\\development\\AUTO\\animal_inventory\\backend\\node_modules\\express\\lib\\router\\index.js:346:12)\n    at next (C:\\Users\\cov_d\\OneDrive\\Documentos\\development\\AUTO\\animal_inventory\\backend\\node_modules\\express\\lib\\router\\index.js:280:10)\n    at Function.handle (C:\\Users\\cov_d\\OneDrive\\Documentos\\development\\AUTO\\animal_inventory\\backend\\node_modules\\express\\lib\\router\\index.js:175:3)\n    at router (C:\\Users\\cov_d\\OneDrive\\Documentos\\development\\AUTO\\animal_inventory\\backend\\node_modules\\express\\lib\\router\\index.js:47:12)\n    at Layer.handle [as handle_request] (C:\\Users\\cov_d\\OneDrive\\Documentos\\development\\AUTO\\animal_inventory\\backend\\node_modules\\express\\lib\\router\\layer.js:95:5)\n    at trim_prefix (C:\\Users\\cov_d\\OneDrive\\Documentos\\development\\AUTO\\animal_inventory\\backend\\node_modules\\express\\lib\\router\\index.js:328:13)","timestamp":"2026-01-05T12:11:03.166Z","url":"/api/animals"}
{"ip":"::1","level":"info","message":"GET /api/animals","service":"farmflow-backend","timestamp":"2026-01-05T12:11:05.192Z","userAgent":"Mozilla/5.0 (Windows NT 10.0; Win64; x64) AppleWebKit/537.36 (KHTML, like Gecko) Chrome/143.0.0.0 Safari/537.36"}
{"ip":"::1","level":"error","message":"No token provided","method":"GET","service":"farmflow-backend","stack":"Error: No token provided\n    at authenticate (C:\\Users\\cov_d\\OneDrive\\Documentos\\development\\AUTO\\animal_inventory\\backend\\src\\middlewares\\auth.middleware.ts:11:13)\n    at Layer.handle [as handle_request] (C:\\Users\\cov_d\\OneDrive\\Documentos\\development\\AUTO\\animal_inventory\\backend\\node_modules\\express\\lib\\router\\layer.js:95:5)\n    at trim_prefix (C:\\Users\\cov_d\\OneDrive\\Documentos\\development\\AUTO\\animal_inventory\\backend\\node_modules\\express\\lib\\router\\index.js:328:13)\n    at C:\\Users\\cov_d\\OneDrive\\Documentos\\development\\AUTO\\animal_inventory\\backend\\node_modules\\express\\lib\\router\\index.js:286:9\n    at Function.process_params (C:\\Users\\cov_d\\OneDrive\\Documentos\\development\\AUTO\\animal_inventory\\backend\\node_modules\\express\\lib\\router\\index.js:346:12)\n    at next (C:\\Users\\cov_d\\OneDrive\\Documentos\\development\\AUTO\\animal_inventory\\backend\\node_modules\\express\\lib\\router\\index.js:280:10)\n    at Function.handle (C:\\Users\\cov_d\\OneDrive\\Documentos\\development\\AUTO\\animal_inventory\\backend\\node_modules\\express\\lib\\router\\index.js:175:3)\n    at router (C:\\Users\\cov_d\\OneDrive\\Documentos\\development\\AUTO\\animal_inventory\\backend\\node_modules\\express\\lib\\router\\index.js:47:12)\n    at Layer.handle [as handle_request] (C:\\Users\\cov_d\\OneDrive\\Documentos\\development\\AUTO\\animal_inventory\\backend\\node_modules\\express\\lib\\router\\layer.js:95:5)\n    at trim_prefix (C:\\Users\\cov_d\\OneDrive\\Documentos\\development\\AUTO\\animal_inventory\\backend\\node_modules\\express\\lib\\router\\index.js:328:13)","timestamp":"2026-01-05T12:11:05.193Z","url":"/api/animals"}
{"ip":"::1","level":"info","message":"GET /api/animals","service":"farmflow-backend","timestamp":"2026-01-05T12:11:09.215Z","userAgent":"Mozilla/5.0 (Windows NT 10.0; Win64; x64) AppleWebKit/537.36 (KHTML, like Gecko) Chrome/143.0.0.0 Safari/537.36"}
{"ip":"::1","level":"error","message":"No token provided","method":"GET","service":"farmflow-backend","stack":"Error: No token provided\n    at authenticate (C:\\Users\\cov_d\\OneDrive\\Documentos\\development\\AUTO\\animal_inventory\\backend\\src\\middlewares\\auth.middleware.ts:11:13)\n    at Layer.handle [as handle_request] (C:\\Users\\cov_d\\OneDrive\\Documentos\\development\\AUTO\\animal_inventory\\backend\\node_modules\\express\\lib\\router\\layer.js:95:5)\n    at trim_prefix (C:\\Users\\cov_d\\OneDrive\\Documentos\\development\\AUTO\\animal_inventory\\backend\\node_modules\\express\\lib\\router\\index.js:328:13)\n    at C:\\Users\\cov_d\\OneDrive\\Documentos\\development\\AUTO\\animal_inventory\\backend\\node_modules\\express\\lib\\router\\index.js:286:9\n    at Function.process_params (C:\\Users\\cov_d\\OneDrive\\Documentos\\development\\AUTO\\animal_inventory\\backend\\node_modules\\express\\lib\\router\\index.js:346:12)\n    at next (C:\\Users\\cov_d\\OneDrive\\Documentos\\development\\AUTO\\animal_inventory\\backend\\node_modules\\express\\lib\\router\\index.js:280:10)\n    at Function.handle (C:\\Users\\cov_d\\OneDrive\\Documentos\\development\\AUTO\\animal_inventory\\backend\\node_modules\\express\\lib\\router\\index.js:175:3)\n    at router (C:\\Users\\cov_d\\OneDrive\\Documentos\\development\\AUTO\\animal_inventory\\backend\\node_modules\\express\\lib\\router\\index.js:47:12)\n    at Layer.handle [as handle_request] (C:\\Users\\cov_d\\OneDrive\\Documentos\\development\\AUTO\\animal_inventory\\backend\\node_modules\\express\\lib\\router\\layer.js:95:5)\n    at trim_prefix (C:\\Users\\cov_d\\OneDrive\\Documentos\\development\\AUTO\\animal_inventory\\backend\\node_modules\\express\\lib\\router\\index.js:328:13)","timestamp":"2026-01-05T12:11:09.217Z","url":"/api/animals"}
{"ip":"::1","level":"info","message":"POST /api/auth/login","service":"farmflow-backend","timestamp":"2026-01-05T12:15:15.936Z","userAgent":"Mozilla/5.0 (Windows NT 10.0; Win64; x64) AppleWebKit/537.36 (KHTML, like Gecko) Chrome/143.0.0.0 Safari/537.36"}
{"ip":"::1","level":"error","message":"Invalid credentials","method":"POST","service":"farmflow-backend","stack":"Error: Invalid credentials\n    at AuthService.login (C:\\Users\\cov_d\\OneDrive\\Documentos\\development\\AUTO\\animal_inventory\\backend\\src\\services\\auth.service.ts:64:13)\n    at processTicksAndRejections (node:internal/process/task_queues:105:5)\n    at login (C:\\Users\\cov_d\\OneDrive\\Documentos\\development\\AUTO\\animal_inventory\\backend\\src\\controllers\\auth.controller.ts:33:20)","timestamp":"2026-01-05T12:15:16.017Z","url":"/api/auth/login"}
{"level":"info","message":"MongoDB connected successfully","service":"farmflow-backend","timestamp":"2026-01-05T12:18:33.246Z"}
{"level":"info","message":"Scheduler service started","service":"farmflow-backend","timestamp":"2026-01-05T12:18:33.261Z"}
{"level":"info","message":"FarmFlow API server running on port 5000","service":"farmflow-backend","timestamp":"2026-01-05T12:18:33.263Z"}
{"level":"info","message":"Environment: development","service":"farmflow-backend","timestamp":"2026-01-05T12:18:33.264Z"}
{"level":"info","message":"API Documentation available at http://localhost:5000/api-docs","service":"farmflow-backend","timestamp":"2026-01-05T12:18:33.265Z"}
{"level":"info","message":"MongoDB connected successfully","service":"farmflow-backend","timestamp":"2026-01-05T12:18:33.349Z"}
{"ip":"::1","level":"info","message":"POST /api/auth/register","service":"farmflow-backend","timestamp":"2026-01-05T12:19:32.656Z","userAgent":"Mozilla/5.0 (Windows NT 10.0; Win64; x64) AppleWebKit/537.36 (KHTML, like Gecko) Chrome/143.0.0.0 Safari/537.36"}
{"ip":"::1","level":"info","message":"POST /api/auth/login","service":"farmflow-backend","timestamp":"2026-01-05T12:19:59.616Z","userAgent":"Mozilla/5.0 (Windows NT 10.0; Win64; x64) AppleWebKit/537.36 (KHTML, like Gecko) Chrome/143.0.0.0 Safari/537.36"}
{"ip":"::1","level":"info","message":"POST /api/auth/login","service":"farmflow-backend","timestamp":"2026-01-05T12:23:08.040Z","userAgent":"Mozilla/5.0 (Windows NT 10.0; Win64; x64) AppleWebKit/537.36 (KHTML, like Gecko) Chrome/143.0.0.0 Safari/537.36"}
{"ip":"::1","level":"info","message":"GET /api/auth/me","service":"farmflow-backend","timestamp":"2026-01-05T12:23:52.999Z","userAgent":"Mozilla/5.0 (Windows NT 10.0; Win64; x64) AppleWebKit/537.36 (KHTML, like Gecko) Chrome/143.0.0.0 Safari/537.36"}
{"ip":"::1","level":"info","message":"POST /api/auth/login","service":"farmflow-backend","timestamp":"2026-01-05T12:24:12.801Z","userAgent":"Mozilla/5.0 (Windows NT 10.0; Win64; x64) AppleWebKit/537.36 (KHTML, like Gecko) Chrome/143.0.0.0 Safari/537.36"}
{"ip":"::1","level":"error","message":"Invalid credentials","method":"POST","service":"farmflow-backend","stack":"Error: Invalid credentials\n    at AuthService.login (C:\\Users\\cov_d\\OneDrive\\Documentos\\development\\AUTO\\animal_inventory\\backend\\src\\services\\auth.service.ts:70:13)\n    at login (C:\\Users\\cov_d\\OneDrive\\Documentos\\development\\AUTO\\animal_inventory\\backend\\src\\controllers\\auth.controller.ts:33:20)","timestamp":"2026-01-05T12:24:13.379Z","url":"/api/auth/login"}
{"ip":"::1","level":"info","message":"POST /api/auth/login","service":"farmflow-backend","timestamp":"2026-01-05T12:24:21.012Z","userAgent":"Mozilla/5.0 (Windows NT 10.0; Win64; x64) AppleWebKit/537.36 (KHTML, like Gecko) Chrome/143.0.0.0 Safari/537.36"}
{"ip":"::1","level":"info","message":"GET /api/auth/me","service":"farmflow-backend","timestamp":"2026-01-05T12:24:45.045Z","userAgent":"Mozilla/5.0 (Windows NT 10.0; Win64; x64) AppleWebKit/537.36 (KHTML, like Gecko) Chrome/143.0.0.0 Safari/537.36"}
{"ip":"::1","level":"info","message":"POST /api/auth/login","service":"farmflow-backend","timestamp":"2026-01-05T12:25:31.341Z","userAgent":"Mozilla/5.0 (Windows NT 10.0; Win64; x64) AppleWebKit/537.36 (KHTML, like Gecko) Chrome/143.0.0.0 Safari/537.36"}
{"ip":"::1","level":"info","message":"POST /api/auth/login","service":"farmflow-backend","timestamp":"2026-01-05T12:25:36.641Z","userAgent":"Mozilla/5.0 (Windows NT 10.0; Win64; x64) AppleWebKit/537.36 (KHTML, like Gecko) Chrome/143.0.0.0 Safari/537.36"}
{"ip":"::1","level":"info","message":"POST /api/auth/login","service":"farmflow-backend","timestamp":"2026-01-05T12:25:42.545Z","userAgent":"Mozilla/5.0 (Windows NT 10.0; Win64; x64) AppleWebKit/537.36 (KHTML, like Gecko) Chrome/143.0.0.0 Safari/537.36"}
{"level":"info","message":"MongoDB connected successfully","service":"farmflow-backend","timestamp":"2026-01-05T12:26:08.994Z"}
{"level":"info","message":"Scheduler service started","service":"farmflow-backend","timestamp":"2026-01-05T12:26:09.006Z"}
{"level":"info","message":"FarmFlow API server running on port 5000","service":"farmflow-backend","timestamp":"2026-01-05T12:26:09.009Z"}
{"level":"info","message":"Environment: development","service":"farmflow-backend","timestamp":"2026-01-05T12:26:09.010Z"}
{"level":"info","message":"API Documentation available at http://localhost:5000/api-docs","service":"farmflow-backend","timestamp":"2026-01-05T12:26:09.011Z"}
{"ip":"::1","level":"info","message":"POST /api/auth/login","service":"farmflow-backend","timestamp":"2026-01-05T12:26:28.744Z","userAgent":"Mozilla/5.0 (Windows NT 10.0; Win64; x64) AppleWebKit/537.36 (KHTML, like Gecko) Chrome/143.0.0.0 Safari/537.36"}
{"ip":"::1","level":"info","message":"GET /api/animals","service":"farmflow-backend","timestamp":"2026-01-05T12:29:02.617Z","userAgent":"Mozilla/5.0 (Windows NT 10.0; Win64; x64) AppleWebKit/537.36 (KHTML, like Gecko) Chrome/143.0.0.0 Safari/537.36"}
{"ip":"::1","level":"info","message":"GET /api/animals","service":"farmflow-backend","timestamp":"2026-01-05T12:29:19.831Z","userAgent":"Mozilla/5.0 (Windows NT 10.0; Win64; x64) AppleWebKit/537.36 (KHTML, like Gecko) Chrome/143.0.0.0 Safari/537.36"}
{"ip":"::1","level":"info","message":"GET /api/animals","service":"farmflow-backend","timestamp":"2026-01-05T12:31:29.794Z","userAgent":"Mozilla/5.0 (Windows NT 10.0; Win64; x64) AppleWebKit/537.36 (KHTML, like Gecko) Chrome/143.0.0.0 Safari/537.36"}
{"ip":"::1","level":"info","message":"GET /api/animals","service":"farmflow-backend","timestamp":"2026-01-05T12:31:46.368Z","userAgent":"Mozilla/5.0 (Windows NT 10.0; Win64; x64) AppleWebKit/537.36 (KHTML, like Gecko) Chrome/143.0.0.0 Safari/537.36"}
{"ip":"::1","level":"info","message":"GET /api/animals","service":"farmflow-backend","timestamp":"2026-01-05T12:31:49.355Z","userAgent":"Mozilla/5.0 (Windows NT 10.0; Win64; x64) AppleWebKit/537.36 (KHTML, like Gecko) Chrome/143.0.0.0 Safari/537.36"}
{"ip":"::1","level":"info","message":"GET /api/animals","service":"farmflow-backend","timestamp":"2026-01-05T12:31:52.235Z","userAgent":"Mozilla/5.0 (Windows NT 10.0; Win64; x64) AppleWebKit/537.36 (KHTML, like Gecko) Chrome/143.0.0.0 Safari/537.36"}
{"ip":"::1","level":"info","message":"GET /api/animals","service":"farmflow-backend","timestamp":"2026-01-05T12:31:55.123Z","userAgent":"Mozilla/5.0 (Windows NT 10.0; Win64; x64) AppleWebKit/537.36 (KHTML, like Gecko) Chrome/143.0.0.0 Safari/537.36"}
{"ip":"::1","level":"info","message":"GET /api/animals","service":"farmflow-backend","timestamp":"2026-01-05T12:33:12.754Z","userAgent":"Mozilla/5.0 (Windows NT 10.0; Win64; x64) AppleWebKit/537.36 (KHTML, like Gecko) Chrome/143.0.0.0 Safari/537.36"}
{"ip":"::1","level":"info","message":"GET /api/auth/me","service":"farmflow-backend","timestamp":"2026-01-05T12:55:56.602Z","userAgent":"Mozilla/5.0 (Windows NT 10.0; Win64; x64) AppleWebKit/537.36 (KHTML, like Gecko) Chrome/143.0.0.0 Safari/537.36"}
{"ip":"::1","level":"info","message":"GET /api/animals","service":"farmflow-backend","timestamp":"2026-01-05T12:55:57.301Z","userAgent":"Mozilla/5.0 (Windows NT 10.0; Win64; x64) AppleWebKit/537.36 (KHTML, like Gecko) Chrome/143.0.0.0 Safari/537.36"}
{"ip":"::1","level":"info","message":"POST /api/animals","service":"farmflow-backend","timestamp":"2026-01-05T12:57:24.761Z","userAgent":"Mozilla/5.0 (Windows NT 10.0; Win64; x64) AppleWebKit/537.36 (KHTML, like Gecko) Chrome/143.0.0.0 Safari/537.36"}
{"ip":"::1","level":"info","message":"GET /api/animals","service":"farmflow-backend","timestamp":"2026-01-05T12:57:24.891Z","userAgent":"Mozilla/5.0 (Windows NT 10.0; Win64; x64) AppleWebKit/537.36 (KHTML, like Gecko) Chrome/143.0.0.0 Safari/537.36"}
{"ip":"::1","level":"info","message":"GET /api/auth/me","service":"farmflow-backend","timestamp":"2026-01-05T12:57:32.047Z","userAgent":"Mozilla/5.0 (Windows NT 10.0; Win64; x64) AppleWebKit/537.36 (KHTML, like Gecko) Chrome/143.0.0.0 Safari/537.36"}
{"ip":"::1","level":"info","message":"GET /api/animals","service":"farmflow-backend","timestamp":"2026-01-05T12:57:32.513Z","userAgent":"Mozilla/5.0 (Windows NT 10.0; Win64; x64) AppleWebKit/537.36 (KHTML, like Gecko) Chrome/143.0.0.0 Safari/537.36"}
{"ip":"::1","level":"info","message":"POST /api/animals","service":"farmflow-backend","timestamp":"2026-01-05T12:58:07.374Z","userAgent":"Mozilla/5.0 (Windows NT 10.0; Win64; x64) AppleWebKit/537.36 (KHTML, like Gecko) Chrome/143.0.0.0 Safari/537.36"}
{"ip":"::1","level":"info","message":"GET /api/animals","service":"farmflow-backend","timestamp":"2026-01-05T12:58:07.421Z","userAgent":"Mozilla/5.0 (Windows NT 10.0; Win64; x64) AppleWebKit/537.36 (KHTML, like Gecko) Chrome/143.0.0.0 Safari/537.36"}
{"ip":"::1","level":"info","message":"GET /api/locations","service":"farmflow-backend","timestamp":"2026-01-05T13:04:21.095Z","userAgent":"Mozilla/5.0 (Windows NT 10.0; Win64; x64) AppleWebKit/537.36 (KHTML, like Gecko) Chrome/143.0.0.0 Safari/537.36"}
{"ip":"::1","level":"error","message":"Route /api/locations not found","method":"GET","service":"farmflow-backend","stack":"Error: Route /api/locations not found\n    at notFoundHandler (C:\\Users\\cov_d\\OneDrive\\Documentos\\development\\AUTO\\animal_inventory\\backend\\src\\middlewares\\errorHandler.middleware.ts:40:17)\n    at Layer.handle [as handle_request] (C:\\Users\\cov_d\\OneDrive\\Documentos\\development\\AUTO\\animal_inventory\\backend\\node_modules\\express\\lib\\router\\layer.js:95:5)\n    at trim_prefix (C:\\Users\\cov_d\\OneDrive\\Documentos\\development\\AUTO\\animal_inventory\\backend\\node_modules\\express\\lib\\router\\index.js:328:13)\n    at C:\\Users\\cov_d\\OneDrive\\Documentos\\development\\AUTO\\animal_inventory\\backend\\node_modules\\express\\lib\\router\\index.js:286:9\n    at Function.process_params (C:\\Users\\cov_d\\OneDrive\\Documentos\\development\\AUTO\\animal_inventory\\backend\\node_modules\\express\\lib\\router\\index.js:346:12)\n    at next (C:\\Users\\cov_d\\OneDrive\\Documentos\\development\\AUTO\\animal_inventory\\backend\\node_modules\\express\\lib\\router\\index.js:280:10)\n    at C:\\Users\\cov_d\\OneDrive\\Documentos\\development\\AUTO\\animal_inventory\\backend\\node_modules\\express\\lib\\router\\index.js:646:15\n    at next (C:\\Users\\cov_d\\OneDrive\\Documentos\\development\\AUTO\\animal_inventory\\backend\\node_modules\\express\\lib\\router\\index.js:265:14)\n    at Function.handle (C:\\Users\\cov_d\\OneDrive\\Documentos\\development\\AUTO\\animal_inventory\\backend\\node_modules\\express\\lib\\router\\index.js:175:3)\n    at router (C:\\Users\\cov_d\\OneDrive\\Documentos\\development\\AUTO\\animal_inventory\\backend\\node_modules\\express\\lib\\router\\index.js:47:12)","timestamp":"2026-01-05T13:04:21.100Z","url":"/api/locations"}
{"ip":"::1","level":"info","message":"GET /api/auth/me","service":"farmflow-backend","timestamp":"2026-01-05T13:05:31.965Z","userAgent":"Mozilla/5.0 (Windows NT 10.0; Win64; x64) AppleWebKit/537.36 (KHTML, like Gecko) Chrome/143.0.0.0 Safari/537.36"}
{"ip":"::1","level":"info","message":"GET /api/locations","service":"farmflow-backend","timestamp":"2026-01-05T13:05:32.523Z","userAgent":"Mozilla/5.0 (Windows NT 10.0; Win64; x64) AppleWebKit/537.36 (KHTML, like Gecko) Chrome/143.0.0.0 Safari/537.36"}
{"ip":"::1","level":"error","message":"Route /api/locations not found","method":"GET","service":"farmflow-backend","stack":"Error: Route /api/locations not found\n    at notFoundHandler (C:\\Users\\cov_d\\OneDrive\\Documentos\\development\\AUTO\\animal_inventory\\backend\\src\\middlewares\\errorHandler.middleware.ts:40:17)\n    at Layer.handle [as handle_request] (C:\\Users\\cov_d\\OneDrive\\Documentos\\development\\AUTO\\animal_inventory\\backend\\node_modules\\express\\lib\\router\\layer.js:95:5)\n    at trim_prefix (C:\\Users\\cov_d\\OneDrive\\Documentos\\development\\AUTO\\animal_inventory\\backend\\node_modules\\express\\lib\\router\\index.js:328:13)\n    at C:\\Users\\cov_d\\OneDrive\\Documentos\\development\\AUTO\\animal_inventory\\backend\\node_modules\\express\\lib\\router\\index.js:286:9\n    at Function.process_params (C:\\Users\\cov_d\\OneDrive\\Documentos\\development\\AUTO\\animal_inventory\\backend\\node_modules\\express\\lib\\router\\index.js:346:12)\n    at next (C:\\Users\\cov_d\\OneDrive\\Documentos\\development\\AUTO\\animal_inventory\\backend\\node_modules\\express\\lib\\router\\index.js:280:10)\n    at C:\\Users\\cov_d\\OneDrive\\Documentos\\development\\AUTO\\animal_inventory\\backend\\node_modules\\express\\lib\\router\\index.js:646:15\n    at next (C:\\Users\\cov_d\\OneDrive\\Documentos\\development\\AUTO\\animal_inventory\\backend\\node_modules\\express\\lib\\router\\index.js:265:14)\n    at Function.handle (C:\\Users\\cov_d\\OneDrive\\Documentos\\development\\AUTO\\animal_inventory\\backend\\node_modules\\express\\lib\\router\\index.js:175:3)\n    at router (C:\\Users\\cov_d\\OneDrive\\Documentos\\development\\AUTO\\animal_inventory\\backend\\node_modules\\express\\lib\\router\\index.js:47:12)","timestamp":"2026-01-05T13:05:32.525Z","url":"/api/locations"}
{"level":"info","message":"MongoDB connected successfully","service":"farmflow-backend","timestamp":"2026-01-05T13:44:49.784Z"}
{"level":"info","message":"Scheduler service started","service":"farmflow-backend","timestamp":"2026-01-05T13:44:49.801Z"}
{"level":"info","message":"FarmFlow API server running on port 5000","service":"farmflow-backend","timestamp":"2026-01-05T13:44:49.804Z"}
{"level":"info","message":"Environment: development","service":"farmflow-backend","timestamp":"2026-01-05T13:44:49.805Z"}
{"level":"info","message":"API Documentation available at http://localhost:5000/api-docs","service":"farmflow-backend","timestamp":"2026-01-05T13:44:49.806Z"}
{"level":"info","message":"MongoDB connected successfully","service":"farmflow-backend","timestamp":"2026-01-05T13:45:20.294Z"}
{"ip":"::1","level":"info","message":"POST /api/auth/login","service":"farmflow-backend","timestamp":"2026-01-05T13:45:41.966Z","userAgent":"Mozilla/5.0 (Windows NT 10.0; Win64; x64) AppleWebKit/537.36 (KHTML, like Gecko) Chrome/143.0.0.0 Safari/537.36"}
{"ip":"::1","level":"info","message":"GET /api/locations","service":"farmflow-backend","timestamp":"2026-01-05T13:45:42.917Z","userAgent":"Mozilla/5.0 (Windows NT 10.0; Win64; x64) AppleWebKit/537.36 (KHTML, like Gecko) Chrome/143.0.0.0 Safari/537.36"}
{"ip":"::1","level":"info","message":"POST /api/locations","service":"farmflow-backend","timestamp":"2026-01-05T13:46:12.704Z","userAgent":"Mozilla/5.0 (Windows NT 10.0; Win64; x64) AppleWebKit/537.36 (KHTML, like Gecko) Chrome/143.0.0.0 Safari/537.36"}
{"level":"info","message":"MongoDB connected successfully","service":"farmflow-backend","timestamp":"2026-01-05T13:49:51.225Z"}
{"level":"info","message":"Scheduler service started","service":"farmflow-backend","timestamp":"2026-01-05T13:49:51.245Z"}
{"level":"info","message":"FarmFlow API server running on port 5000","service":"farmflow-backend","timestamp":"2026-01-05T13:49:51.248Z"}
{"level":"info","message":"Environment: development","service":"farmflow-backend","timestamp":"2026-01-05T13:49:51.249Z"}
{"level":"info","message":"API Documentation available at http://localhost:5000/api-docs","service":"farmflow-backend","timestamp":"2026-01-05T13:49:51.249Z"}
{"ip":"::1","level":"info","message":"POST /api/locations","service":"farmflow-backend","timestamp":"2026-01-05T13:50:02.172Z","userAgent":"Mozilla/5.0 (Windows NT 10.0; Win64; x64) AppleWebKit/537.36 (KHTML, like Gecko) Chrome/143.0.0.0 Safari/537.36"}
{"level":"info","message":"MongoDB connected successfully","service":"farmflow-backend","timestamp":"2026-01-05T13:51:31.688Z"}
{"level":"info","message":"Scheduler service started","service":"farmflow-backend","timestamp":"2026-01-05T13:51:31.778Z"}
{"level":"info","message":"FarmFlow API server running on port 5000","service":"farmflow-backend","timestamp":"2026-01-05T13:51:31.782Z"}
{"level":"info","message":"Environment: development","service":"farmflow-backend","timestamp":"2026-01-05T13:51:31.783Z"}
{"level":"info","message":"API Documentation available at http://localhost:5000/api-docs","service":"farmflow-backend","timestamp":"2026-01-05T13:51:31.783Z"}
{"ip":"::1","level":"info","message":"POST /api/locations","service":"farmflow-backend","timestamp":"2026-01-05T13:51:39.384Z","userAgent":"Mozilla/5.0 (Windows NT 10.0; Win64; x64) AppleWebKit/537.36 (KHTML, like Gecko) Chrome/143.0.0.0 Safari/537.36"}
{"level":"info","message":"MongoDB connected successfully","service":"farmflow-backend","timestamp":"2026-01-05T13:52:23.833Z"}
{"level":"info","message":"Scheduler service started","service":"farmflow-backend","timestamp":"2026-01-05T13:52:23.852Z"}
{"level":"info","message":"FarmFlow API server running on port 5000","service":"farmflow-backend","timestamp":"2026-01-05T13:52:23.855Z"}
{"level":"info","message":"Environment: development","service":"farmflow-backend","timestamp":"2026-01-05T13:52:23.856Z"}
{"level":"info","message":"API Documentation available at http://localhost:5000/api-docs","service":"farmflow-backend","timestamp":"2026-01-05T13:52:23.857Z"}
{"ip":"::1","level":"info","message":"POST /api/locations","service":"farmflow-backend","timestamp":"2026-01-05T13:52:28.909Z","userAgent":"Mozilla/5.0 (Windows NT 10.0; Win64; x64) AppleWebKit/537.36 (KHTML, like Gecko) Chrome/143.0.0.0 Safari/537.36"}
{"ip":"::1","level":"info","message":"POST /api/auth/login","service":"farmflow-backend","timestamp":"2026-01-05T13:53:16.585Z","userAgent":"Mozilla/5.0 (Windows NT 10.0; Win64; x64) AppleWebKit/537.36 (KHTML, like Gecko) Chrome/143.0.0.0 Safari/537.36"}
{"ip":"::1","level":"info","message":"GET /api/locations","service":"farmflow-backend","timestamp":"2026-01-05T13:53:17.227Z","userAgent":"Mozilla/5.0 (Windows NT 10.0; Win64; x64) AppleWebKit/537.36 (KHTML, like Gecko) Chrome/143.0.0.0 Safari/537.36"}
{"ip":"::1","level":"info","message":"POST /api/locations","service":"farmflow-backend","timestamp":"2026-01-05T13:53:36.634Z","userAgent":"Mozilla/5.0 (Windows NT 10.0; Win64; x64) AppleWebKit/537.36 (KHTML, like Gecko) Chrome/143.0.0.0 Safari/537.36"}
{"level":"info","message":"MongoDB connected successfully","service":"farmflow-backend","timestamp":"2026-01-05T13:54:03.466Z"}
{"level":"info","message":"Scheduler service started","service":"farmflow-backend","timestamp":"2026-01-05T13:54:03.481Z"}
{"level":"info","message":"FarmFlow API server running on port 5000","service":"farmflow-backend","timestamp":"2026-01-05T13:54:03.484Z"}
{"level":"info","message":"Environment: development","service":"farmflow-backend","timestamp":"2026-01-05T13:54:03.486Z"}
{"level":"info","message":"API Documentation available at http://localhost:5000/api-docs","service":"farmflow-backend","timestamp":"2026-01-05T13:54:03.487Z"}
{"ip":"::1","level":"info","message":"POST /api/locations","service":"farmflow-backend","timestamp":"2026-01-05T13:54:10.832Z","userAgent":"Mozilla/5.0 (Windows NT 10.0; Win64; x64) AppleWebKit/537.36 (KHTML, like Gecko) Chrome/143.0.0.0 Safari/537.36"}
{"level":"info","message":"MongoDB connected successfully","service":"farmflow-backend","timestamp":"2026-01-05T13:57:11.010Z"}
{"level":"info","message":"Scheduler service started","service":"farmflow-backend","timestamp":"2026-01-05T13:57:11.033Z"}
{"level":"info","message":"FarmFlow API server running on port 5000","service":"farmflow-backend","timestamp":"2026-01-05T13:57:11.037Z"}
{"level":"info","message":"Environment: development","service":"farmflow-backend","timestamp":"2026-01-05T13:57:11.038Z"}
{"level":"info","message":"API Documentation available at http://localhost:5000/api-docs","service":"farmflow-backend","timestamp":"2026-01-05T13:57:11.039Z"}
{"level":"info","message":"MongoDB connected successfully","service":"farmflow-backend","timestamp":"2026-01-05T13:57:30.944Z"}
{"level":"info","message":"MongoDB connected successfully","service":"farmflow-backend","timestamp":"2026-01-05T13:59:12.936Z"}
{"level":"info","message":"Scheduler service started","service":"farmflow-backend","timestamp":"2026-01-05T13:59:12.953Z"}
{"level":"info","message":"FarmFlow API server running on port 5000","service":"farmflow-backend","timestamp":"2026-01-05T13:59:12.957Z"}
{"level":"info","message":"Environment: development","service":"farmflow-backend","timestamp":"2026-01-05T13:59:12.959Z"}
{"level":"info","message":"API Documentation available at http://localhost:5000/api-docs","service":"farmflow-backend","timestamp":"2026-01-05T13:59:12.960Z"}
{"ip":"::1","level":"info","message":"POST /api/locations","service":"farmflow-backend","timestamp":"2026-01-05T13:59:34.065Z","userAgent":"Mozilla/5.0 (Windows NT 10.0; Win64; x64) AppleWebKit/537.36 (KHTML, like Gecko) Chrome/143.0.0.0 Safari/537.36"}
{"level":"info","message":"MongoDB connected successfully","service":"farmflow-backend","timestamp":"2026-01-05T14:01:24.619Z"}
{"level":"info","message":"MongoDB connected successfully","service":"farmflow-backend","timestamp":"2026-01-05T14:01:24.663Z"}
{"level":"info","message":"Scheduler service started","service":"farmflow-backend","timestamp":"2026-01-05T14:01:24.649Z"}
{"level":"info","message":"FarmFlow API server running on port 5000","service":"farmflow-backend","timestamp":"2026-01-05T14:01:24.652Z"}
{"level":"info","message":"Environment: development","service":"farmflow-backend","timestamp":"2026-01-05T14:01:24.654Z"}
{"level":"info","message":"API Documentation available at http://localhost:5000/api-docs","service":"farmflow-backend","timestamp":"2026-01-05T14:01:24.655Z"}
{"level":"info","message":"MongoDB connected successfully","service":"farmflow-backend","timestamp":"2026-01-05T14:02:14.567Z"}
{"level":"info","message":"Scheduler service started","service":"farmflow-backend","timestamp":"2026-01-05T14:02:14.597Z"}
{"level":"info","message":"FarmFlow API server running on port 5000","service":"farmflow-backend","timestamp":"2026-01-05T14:02:14.601Z"}
{"level":"info","message":"Environment: development","service":"farmflow-backend","timestamp":"2026-01-05T14:02:14.603Z"}
{"level":"info","message":"API Documentation available at http://localhost:5000/api-docs","service":"farmflow-backend","timestamp":"2026-01-05T14:02:14.604Z"}
{"level":"info","message":"MongoDB connected successfully","service":"farmflow-backend","timestamp":"2026-01-05T14:02:14.632Z"}
{"level":"info","message":"MongoDB connected successfully","service":"farmflow-backend","timestamp":"2026-01-05T14:03:25.110Z"}
{"level":"info","message":"Scheduler service started","service":"farmflow-backend","timestamp":"2026-01-05T14:03:25.145Z"}
{"level":"info","message":"FarmFlow API server running on port 5000","service":"farmflow-backend","timestamp":"2026-01-05T14:03:25.151Z"}
{"level":"info","message":"Environment: development","service":"farmflow-backend","timestamp":"2026-01-05T14:03:25.154Z"}
{"level":"info","message":"API Documentation available at http://localhost:5000/api-docs","service":"farmflow-backend","timestamp":"2026-01-05T14:03:25.164Z"}
{"ip":"::1","level":"info","message":"POST /api/locations","service":"farmflow-backend","timestamp":"2026-01-05T14:04:02.293Z","userAgent":"Mozilla/5.0 (Windows NT 10.0; Win64; x64) AppleWebKit/537.36 (KHTML, like Gecko) Chrome/143.0.0.0 Safari/537.36"}
{"level":"info","message":"MongoDB connected successfully","service":"farmflow-backend","timestamp":"2026-01-05T14:04:43.272Z"}
{"level":"info","message":"Scheduler service started","service":"farmflow-backend","timestamp":"2026-01-05T14:04:43.297Z"}
{"level":"info","message":"FarmFlow API server running on port 5000","service":"farmflow-backend","timestamp":"2026-01-05T14:04:43.301Z"}
{"level":"info","message":"Environment: development","service":"farmflow-backend","timestamp":"2026-01-05T14:04:43.302Z"}
{"level":"info","message":"API Documentation available at http://localhost:5000/api-docs","service":"farmflow-backend","timestamp":"2026-01-05T14:04:43.303Z"}
{"ip":"::1","level":"info","message":"GET /api/auth/me","service":"farmflow-backend","timestamp":"2026-01-05T14:07:06.344Z","userAgent":"Mozilla/5.0 (Windows NT 10.0; Win64; x64) AppleWebKit/537.36 (KHTML, like Gecko) Chrome/143.0.0.0 Safari/537.36"}
{"ip":"::1","level":"info","message":"GET /api/locations","service":"farmflow-backend","timestamp":"2026-01-05T14:07:06.975Z","userAgent":"Mozilla/5.0 (Windows NT 10.0; Win64; x64) AppleWebKit/537.36 (KHTML, like Gecko) Chrome/143.0.0.0 Safari/537.36"}
{"ip":"::1","level":"info","message":"GET /api/auth/me","service":"farmflow-backend","timestamp":"2026-01-05T14:09:28.675Z","userAgent":"Mozilla/5.0 (Windows NT 10.0; Win64; x64) AppleWebKit/537.36 (KHTML, like Gecko) Chrome/143.0.0.0 Safari/537.36"}
{"ip":"::1","level":"info","message":"GET /api/locations","service":"farmflow-backend","timestamp":"2026-01-05T14:09:29.347Z","userAgent":"Mozilla/5.0 (Windows NT 10.0; Win64; x64) AppleWebKit/537.36 (KHTML, like Gecko) Chrome/143.0.0.0 Safari/537.36"}
{"ip":"::1","level":"info","message":"POST /api/locations","service":"farmflow-backend","timestamp":"2026-01-05T14:12:16.920Z","userAgent":"Mozilla/5.0 (Windows NT 10.0; Win64; x64) AppleWebKit/537.36 (KHTML, like Gecko) Chrome/143.0.0.0 Safari/537.36"}
{"level":"info","message":"MongoDB connected successfully","service":"farmflow-backend","timestamp":"2026-01-05T14:13:11.292Z"}
{"level":"info","message":"Scheduler service started","service":"farmflow-backend","timestamp":"2026-01-05T14:13:11.307Z"}
{"level":"info","message":"FarmFlow API server running on port 5000","service":"farmflow-backend","timestamp":"2026-01-05T14:13:11.312Z"}
{"level":"info","message":"Environment: development","service":"farmflow-backend","timestamp":"2026-01-05T14:13:11.313Z"}
{"level":"info","message":"API Documentation available at http://localhost:5000/api-docs","service":"farmflow-backend","timestamp":"2026-01-05T14:13:11.313Z"}
{"ip":"::1","level":"info","message":"POST /api/locations","service":"farmflow-backend","timestamp":"2026-01-05T14:13:18.869Z","userAgent":"Mozilla/5.0 (Windows NT 10.0; Win64; x64) AppleWebKit/537.36 (KHTML, like Gecko) Chrome/143.0.0.0 Safari/537.36"}
{"level":"info","message":"MongoDB connected successfully","service":"farmflow-backend","timestamp":"2026-01-05T14:13:36.807Z"}
{"level":"info","message":"Scheduler service started","service":"farmflow-backend","timestamp":"2026-01-05T14:13:36.824Z"}
{"level":"info","message":"FarmFlow API server running on port 5000","service":"farmflow-backend","timestamp":"2026-01-05T14:13:36.827Z"}
{"level":"info","message":"Environment: development","service":"farmflow-backend","timestamp":"2026-01-05T14:13:36.828Z"}
{"level":"info","message":"API Documentation available at http://localhost:5000/api-docs","service":"farmflow-backend","timestamp":"2026-01-05T14:13:36.829Z"}
{"ip":"::1","level":"info","message":"POST /api/locations","service":"farmflow-backend","timestamp":"2026-01-05T14:14:22.937Z","userAgent":"Mozilla/5.0 (Windows NT 10.0; Win64; x64) AppleWebKit/537.36 (KHTML, like Gecko) Chrome/143.0.0.0 Safari/537.36"}
{"level":"info","message":"MongoDB connected successfully","service":"farmflow-backend","timestamp":"2026-01-05T14:19:42.978Z"}
{"level":"info","message":"Scheduler service started","service":"farmflow-backend","timestamp":"2026-01-05T14:19:43.002Z"}
{"level":"info","message":"FarmFlow API server running on port 5000","service":"farmflow-backend","timestamp":"2026-01-05T14:19:43.006Z"}
{"level":"info","message":"Environment: development","service":"farmflow-backend","timestamp":"2026-01-05T14:19:43.008Z"}
{"level":"info","message":"API Documentation available at http://localhost:5000/api-docs","service":"farmflow-backend","timestamp":"2026-01-05T14:19:43.009Z"}
{"level":"info","message":"MongoDB connected successfully","service":"farmflow-backend","timestamp":"2026-01-05T14:20:51.683Z"}
{"level":"info","message":"Scheduler service started","service":"farmflow-backend","timestamp":"2026-01-05T14:20:51.701Z"}
{"level":"info","message":"FarmFlow API server running on port 5000","service":"farmflow-backend","timestamp":"2026-01-05T14:20:51.704Z"}
{"level":"info","message":"Environment: development","service":"farmflow-backend","timestamp":"2026-01-05T14:20:51.705Z"}
{"level":"info","message":"API Documentation available at http://localhost:5000/api-docs","service":"farmflow-backend","timestamp":"2026-01-05T14:20:51.706Z"}
{"ip":"::1","level":"info","message":"GET /api/auth/me","service":"farmflow-backend","timestamp":"2026-01-05T14:20:58.404Z","userAgent":"Mozilla/5.0 (Windows NT 10.0; Win64; x64) AppleWebKit/537.36 (KHTML, like Gecko) Chrome/143.0.0.0 Safari/537.36"}
{"ip":"::1","level":"info","message":"GET /api/locations","service":"farmflow-backend","timestamp":"2026-01-05T14:20:58.773Z","userAgent":"Mozilla/5.0 (Windows NT 10.0; Win64; x64) AppleWebKit/537.36 (KHTML, like Gecko) Chrome/143.0.0.0 Safari/537.36"}
{"ip":"::1","level":"info","message":"POST /api/locations","service":"farmflow-backend","timestamp":"2026-01-05T14:21:22.755Z","userAgent":"Mozilla/5.0 (Windows NT 10.0; Win64; x64) AppleWebKit/537.36 (KHTML, like Gecko) Chrome/143.0.0.0 Safari/537.36"}
{"level":"info","message":"MongoDB connected successfully","service":"farmflow-backend","timestamp":"2026-01-05T14:23:19.430Z"}
{"level":"info","message":"Scheduler service started","service":"farmflow-backend","timestamp":"2026-01-05T14:23:19.453Z"}
{"level":"info","message":"FarmFlow API server running on port 5000","service":"farmflow-backend","timestamp":"2026-01-05T14:23:19.457Z"}
{"level":"info","message":"Environment: development","service":"farmflow-backend","timestamp":"2026-01-05T14:23:19.458Z"}
{"level":"info","message":"API Documentation available at http://localhost:5000/api-docs","service":"farmflow-backend","timestamp":"2026-01-05T14:23:19.459Z"}
{"ip":"::1","level":"info","message":"GET /api/locations","service":"farmflow-backend","timestamp":"2026-01-05T14:24:51.721Z","userAgent":"Mozilla/5.0 (Windows NT 10.0; Win64; x64) AppleWebKit/537.36 (KHTML, like Gecko) Chrome/143.0.0.0 Safari/537.36"}
{"ip":"::1","level":"info","message":"POST /api/locations/create","service":"farmflow-backend","timestamp":"2026-01-05T14:25:07.507Z","userAgent":"Mozilla/5.0 (Windows NT 10.0; Win64; x64) AppleWebKit/537.36 (KHTML, like Gecko) Chrome/143.0.0.0 Safari/537.36"}
{"level":"info","message":"MongoDB connected successfully","service":"farmflow-backend","timestamp":"2026-01-05T14:27:39.414Z"}
{"level":"info","message":"Scheduler service started","service":"farmflow-backend","timestamp":"2026-01-05T14:27:39.438Z"}
{"level":"info","message":"FarmFlow API server running on port 5000","service":"farmflow-backend","timestamp":"2026-01-05T14:27:39.441Z"}
{"level":"info","message":"Environment: development","service":"farmflow-backend","timestamp":"2026-01-05T14:27:39.442Z"}
{"level":"info","message":"API Documentation available at http://localhost:5000/api-docs","service":"farmflow-backend","timestamp":"2026-01-05T14:27:39.444Z"}
{"ip":"::1","level":"info","message":"POST /api/locations/create","service":"farmflow-backend","timestamp":"2026-01-05T14:27:44.618Z","userAgent":"Mozilla/5.0 (Windows NT 10.0; Win64; x64) AppleWebKit/537.36 (KHTML, like Gecko) Chrome/143.0.0.0 Safari/537.36"}
{"ip":"::1","level":"error","message":"Location validation failed: capacity: Path `capacity` is required., type: Path `type` is required., name: Path `name` is required.","method":"POST","service":"farmflow-backend","stack":"ValidationError: Location validation failed: capacity: Path `capacity` is required., type: Path `type` is required., name: Path `name` is required.\n    at model.Document.invalidate (C:\\Users\\cov_d\\OneDrive\\Documentos\\development\\AUTO\\animal_inventory\\backend\\node_modules\\mongoose\\lib\\document.js:3373:32)\n    at C:\\Users\\cov_d\\OneDrive\\Documentos\\development\\AUTO\\animal_inventory\\backend\\node_modules\\mongoose\\lib\\document.js:3134:17\n    at C:\\Users\\cov_d\\OneDrive\\Documentos\\development\\AUTO\\animal_inventory\\backend\\node_modules\\mongoose\\lib\\schemaType.js:1446:9\n    at processTicksAndRejections (node:internal/process/task_queues:85:11)","tenantId":"695bac5499c9b47a0511f80d","timestamp":"2026-01-05T14:27:44.755Z","url":"/api/locations/create","userId":"695bac5599c9b47a0511f80f"}
{"level":"info","message":"MongoDB connected successfully","service":"farmflow-backend","timestamp":"2026-01-05T14:30:31.312Z"}
{"level":"info","message":"Scheduler service started","service":"farmflow-backend","timestamp":"2026-01-05T14:30:31.330Z"}
{"level":"info","message":"FarmFlow API server running on port 5000","service":"farmflow-backend","timestamp":"2026-01-05T14:30:31.334Z"}
{"level":"info","message":"Environment: development","service":"farmflow-backend","timestamp":"2026-01-05T14:30:31.334Z"}
{"level":"info","message":"API Documentation available at http://localhost:5000/api-docs","service":"farmflow-backend","timestamp":"2026-01-05T14:30:31.335Z"}
{"ip":"::1","level":"info","message":"POST /api/locations/create","service":"farmflow-backend","timestamp":"2026-01-05T14:30:33.549Z","userAgent":"Mozilla/5.0 (Windows NT 10.0; Win64; x64) AppleWebKit/537.36 (KHTML, like Gecko) Chrome/143.0.0.0 Safari/537.36"}
{"ip":"::1","level":"error","message":"Location validation failed: capacity: Path `capacity` is required., type: Path `type` is required., name: Path `name` is required.","method":"POST","service":"farmflow-backend","stack":"ValidationError: Location validation failed: capacity: Path `capacity` is required., type: Path `type` is required., name: Path `name` is required.\n    at model.Document.invalidate (C:\\Users\\cov_d\\OneDrive\\Documentos\\development\\AUTO\\animal_inventory\\backend\\node_modules\\mongoose\\lib\\document.js:3373:32)\n    at C:\\Users\\cov_d\\OneDrive\\Documentos\\development\\AUTO\\animal_inventory\\backend\\node_modules\\mongoose\\lib\\document.js:3134:17\n    at C:\\Users\\cov_d\\OneDrive\\Documentos\\development\\AUTO\\animal_inventory\\backend\\node_modules\\mongoose\\lib\\schemaType.js:1446:9\n    at processTicksAndRejections (node:internal/process/task_queues:85:11)","tenantId":"695bac5499c9b47a0511f80d","timestamp":"2026-01-05T14:30:33.682Z","url":"/api/locations/create","userId":"695bac5599c9b47a0511f80f"}
{"level":"info","message":"MongoDB connected successfully","service":"farmflow-backend","timestamp":"2026-01-05T14:31:07.570Z"}
{"level":"info","message":"Scheduler service started","service":"farmflow-backend","timestamp":"2026-01-05T14:31:07.588Z"}
{"level":"info","message":"FarmFlow API server running on port 5000","service":"farmflow-backend","timestamp":"2026-01-05T14:31:07.592Z"}
{"level":"info","message":"Environment: development","service":"farmflow-backend","timestamp":"2026-01-05T14:31:07.594Z"}
{"level":"info","message":"API Documentation available at http://localhost:5000/api-docs","service":"farmflow-backend","timestamp":"2026-01-05T14:31:07.595Z"}
{"ip":"::1","level":"info","message":"POST /api/locations/create","service":"farmflow-backend","timestamp":"2026-01-05T14:31:30.361Z","userAgent":"Mozilla/5.0 (Windows NT 10.0; Win64; x64) AppleWebKit/537.36 (KHTML, like Gecko) Chrome/143.0.0.0 Safari/537.36"}
{"level":"info","message":"MongoDB connected successfully","service":"farmflow-backend","timestamp":"2026-01-05T14:32:20.956Z"}
{"level":"info","message":"Scheduler service started","service":"farmflow-backend","timestamp":"2026-01-05T14:32:20.974Z"}
{"level":"info","message":"FarmFlow API server running on port 5000","service":"farmflow-backend","timestamp":"2026-01-05T14:32:20.977Z"}
{"level":"info","message":"Environment: development","service":"farmflow-backend","timestamp":"2026-01-05T14:32:20.978Z"}
{"level":"info","message":"API Documentation available at http://localhost:5000/api-docs","service":"farmflow-backend","timestamp":"2026-01-05T14:32:20.978Z"}
{"level":"info","message":"MongoDB connected successfully","service":"farmflow-backend","timestamp":"2026-01-05T14:32:26.965Z"}
{"level":"info","message":"Scheduler service started","service":"farmflow-backend","timestamp":"2026-01-05T14:32:26.986Z"}
{"level":"info","message":"FarmFlow API server running on port 5000","service":"farmflow-backend","timestamp":"2026-01-05T14:32:26.989Z"}
{"level":"info","message":"Environment: development","service":"farmflow-backend","timestamp":"2026-01-05T14:32:26.990Z"}
{"level":"info","message":"API Documentation available at http://localhost:5000/api-docs","service":"farmflow-backend","timestamp":"2026-01-05T14:32:26.991Z"}
{"ip":"::1","level":"info","message":"POST /api/locations/create","service":"farmflow-backend","timestamp":"2026-01-05T14:32:31.477Z","userAgent":"Mozilla/5.0 (Windows NT 10.0; Win64; x64) AppleWebKit/537.36 (KHTML, like Gecko) Chrome/143.0.0.0 Safari/537.36"}
{"ip":"::1","level":"info","message":"GET /api/animals","service":"farmflow-backend","timestamp":"2026-01-05T14:32:46.298Z","userAgent":"Mozilla/5.0 (Windows NT 10.0; Win64; x64) AppleWebKit/537.36 (KHTML, like Gecko) Chrome/143.0.0.0 Safari/537.36"}
{"level":"info","message":"MongoDB connected successfully","service":"farmflow-backend","timestamp":"2026-01-05T14:33:14.504Z"}
{"level":"info","message":"Scheduler service started","service":"farmflow-backend","timestamp":"2026-01-05T14:33:14.522Z"}
{"level":"info","message":"FarmFlow API server running on port 5000","service":"farmflow-backend","timestamp":"2026-01-05T14:33:14.527Z"}
{"level":"info","message":"Environment: development","service":"farmflow-backend","timestamp":"2026-01-05T14:33:14.528Z"}
{"level":"info","message":"API Documentation available at http://localhost:5000/api-docs","service":"farmflow-backend","timestamp":"2026-01-05T14:33:14.530Z"}
{"level":"info","message":"MongoDB connected successfully","service":"farmflow-backend","timestamp":"2026-01-05T14:33:16.820Z"}
{"level":"info","message":"Scheduler service started","service":"farmflow-backend","timestamp":"2026-01-05T14:33:16.835Z"}
{"level":"info","message":"FarmFlow API server running on port 5000","service":"farmflow-backend","timestamp":"2026-01-05T14:33:16.839Z"}
{"level":"info","message":"Environment: development","service":"farmflow-backend","timestamp":"2026-01-05T14:33:16.840Z"}
{"level":"info","message":"API Documentation available at http://localhost:5000/api-docs","service":"farmflow-backend","timestamp":"2026-01-05T14:33:16.841Z"}
{"level":"info","message":"MongoDB connected successfully","service":"farmflow-backend","timestamp":"2026-01-05T14:33:21.098Z"}
{"level":"info","message":"Scheduler service started","service":"farmflow-backend","timestamp":"2026-01-05T14:33:21.114Z"}
{"level":"info","message":"FarmFlow API server running on port 5000","service":"farmflow-backend","timestamp":"2026-01-05T14:33:21.118Z"}
{"level":"info","message":"Environment: development","service":"farmflow-backend","timestamp":"2026-01-05T14:33:21.119Z"}
{"level":"info","message":"API Documentation available at http://localhost:5000/api-docs","service":"farmflow-backend","timestamp":"2026-01-05T14:33:21.120Z"}
